# Logfile created on 2024-09-29 19:02:50 +0000 by logger.rb/v1.5.3
[2024-09-29T19:02:50+00:00] INFO: Started Cinc Zero at chefzero://localhost:1 with repository at /opt/gitlab/embedded (One version per cookbook)
[2024-09-29T19:02:50+00:00] INFO: *** Cinc Client 18.3.0 ***
[2024-09-29T19:02:50+00:00] INFO: Platform: aarch64-linux
[2024-09-29T19:02:50+00:00] INFO: Cinc-client pid: 37
[2024-09-29T19:02:51+00:00] INFO: Setting the run_list to ["recipe[gitlab]"] from CLI options
[2024-09-29T19:02:51+00:00] INFO: Run List is [recipe[gitlab]]
[2024-09-29T19:02:51+00:00] INFO: Run List expands to [gitlab]
[2024-09-29T19:02:51+00:00] INFO: Starting Cinc Client Run for gitlab.local
[2024-09-29T19:02:51+00:00] INFO: Running start handlers
[2024-09-29T19:02:51+00:00] INFO: Start handlers complete.
[2024-09-29T19:02:51+00:00] INFO: Loading cookbooks [gitlab@0.0.1, package@0.1.0, logrotate@0.1.0, postgresql@0.1.0, redis@0.1.0, monitoring@0.1.0, registry@0.1.0, mattermost@0.1.0, consul@0.1.0, gitaly@0.1.0, praefect@0.1.0, gitlab-kas@0.1.0, gitlab-pages@0.1.0, letsencrypt@0.1.0, nginx@0.1.0, runit@5.1.7, acme@4.1.6, crond@0.1.0]
[2024-09-29T19:02:52+00:00] INFO: Generating default secrets
[2024-09-29T19:02:57+00:00] INFO: Generating /etc/gitlab/gitlab-secrets.json file
[2024-09-29T19:02:57+00:00] INFO: directory[/etc/gitlab] mode changed to 775
[2024-09-29T19:02:57+00:00] WARN: gitlab-rails does not have a log_group or default logdir mode defined. Setting to 0700.
[2024-09-29T19:02:57+00:00] INFO: Skipped selecting an init system because it was explicitly disabled
[2024-09-29T19:02:57+00:00] WARN: gitlab-shell does not have a log_group or default logdir mode defined. Setting to 0700.
[2024-09-29T19:02:57+00:00] WARN: gitlab-sshd does not have a log_group or default logdir mode defined. Setting to 0700.
[2024-09-29T19:02:57+00:00] WARN: logrotate does not have a log_group or default logdir mode defined. Setting to 0700.
[2024-09-29T19:02:57+00:00] WARN: logrotate does not have a log_group or default logdir mode defined. Setting to 0700.
[2024-09-29T19:02:57+00:00] WARN: puma does not have a log_group or default logdir mode defined. Setting to 0700.
[2024-09-29T19:02:57+00:00] WARN: gitlab-rails does not have a log_group or default logdir mode defined. Setting to 0700.
[2024-09-29T19:02:57+00:00] WARN: gitlab-shell does not have a log_group or default logdir mode defined. Setting to 0700.
[2024-09-29T19:02:57+00:00] WARN: gitlab-workhorse does not have a log_group or default logdir mode defined. Setting to 0700.
[2024-09-29T19:02:57+00:00] WARN: gitlab-pages does not have a log_group or default logdir mode defined. Setting to 0700.
[2024-09-29T19:02:57+00:00] WARN: gitlab-kas does not have a log_group or default logdir mode defined. Setting to 0700.
[2024-09-29T19:02:57+00:00] WARN: gitaly does not have a log_group or default logdir mode defined. Setting to 0700.
[2024-09-29T19:02:57+00:00] WARN: mailroom does not have a log_group or default logdir mode defined. Setting to 0700.
[2024-09-29T19:02:57+00:00] WARN: gitaly does not have a log_group or default logdir mode defined. Setting to 0700.
[2024-09-29T19:02:57+00:00] WARN: postgresql does not have a log_group or default logdir mode defined. Setting to 0700.
[2024-09-29T19:02:57+00:00] WARN: postgresql does not have a log_group or default logdir mode defined. Setting to 0700.
[2024-09-29T19:02:57+00:00] WARN: gitlab-kas does not have a log_group or default logdir mode defined. Setting to 0700.
[2024-09-29T19:02:57+00:00] WARN: puma does not have a log_group or default logdir mode defined. Setting to 0700.
[2024-09-29T19:02:57+00:00] WARN: sidekiq does not have a log_group or default logdir mode defined. Setting to 0700.
[2024-09-29T19:02:57+00:00] WARN: gitlab-workhorse does not have a log_group or default logdir mode defined. Setting to 0700.
[2024-09-29T19:02:57+00:00] WARN: registry does not have a log_group or default logdir mode defined. Setting to 0700.
[2024-09-29T19:02:58+00:00] WARN: gitlab-exporter does not have a log_group or default logdir mode defined. Setting to 0700.
[2024-09-29T19:02:58+00:00] WARN: redis-exporter does not have a log_group or default logdir mode defined. Setting to 0700.
[2024-09-29T19:02:58+00:00] WARN: prometheus does not have a log_group or default logdir mode defined. Setting to 0700.
[2024-09-29T19:02:58+00:00] WARN: alertmanager does not have a log_group or default logdir mode defined. Setting to 0700.
[2024-09-29T19:02:58+00:00] WARN: postgres-exporter does not have a log_group or default logdir mode defined. Setting to 0700.
[2024-09-29T19:02:58+00:00] INFO: template[/var/opt/gitlab/.gitconfig] created file /var/opt/gitlab/.gitconfig
[2024-09-29T19:02:58+00:00] INFO: template[/var/opt/gitlab/.gitconfig] updated file contents /var/opt/gitlab/.gitconfig
[2024-09-29T19:02:58+00:00] INFO: template[/var/opt/gitlab/.gitconfig] owner changed to 998
[2024-09-29T19:02:58+00:00] INFO: template[/var/opt/gitlab/.gitconfig] group changed to 998
[2024-09-29T19:02:58+00:00] INFO: template[/var/opt/gitlab/.gitconfig] mode changed to 644
[2024-09-29T19:02:58+00:00] INFO: directory[/var/opt/gitlab/.bundle] created directory /var/opt/gitlab/.bundle
[2024-09-29T19:02:58+00:00] INFO: directory[/var/opt/gitlab/.bundle] owner changed to 998
[2024-09-29T19:02:58+00:00] INFO: directory[/var/opt/gitlab/.bundle] group changed to 998
[2024-09-29T19:02:58+00:00] INFO: ruby_block[directory resource: /var/opt/gitlab/git-data] called
[2024-09-29T19:02:58+00:00] INFO: ruby_block[directory resource: /var/opt/gitlab/git-data/repositories] called
[2024-09-29T19:02:58+00:00] INFO: ruby_block[directory resource: /var/opt/gitlab/gitlab-rails/shared] called
[2024-09-29T19:02:58+00:00] INFO: ruby_block[directory resource: /var/opt/gitlab/gitlab-rails/shared/pages] called
[2024-09-29T19:02:59+00:00] INFO: ruby_block[directory resource: /var/opt/gitlab/gitlab-rails/shared/artifacts] called
[2024-09-29T19:02:59+00:00] INFO: ruby_block[directory resource: /var/opt/gitlab/gitlab-rails/shared/external-diffs] called
[2024-09-29T19:02:59+00:00] INFO: ruby_block[directory resource: /var/opt/gitlab/gitlab-rails/shared/lfs-objects] called
[2024-09-29T19:02:59+00:00] INFO: ruby_block[directory resource: /var/opt/gitlab/gitlab-rails/shared/packages] called
[2024-09-29T19:02:59+00:00] INFO: ruby_block[directory resource: /var/opt/gitlab/gitlab-rails/shared/dependency_proxy] called
[2024-09-29T19:02:59+00:00] INFO: ruby_block[directory resource: /var/opt/gitlab/gitlab-rails/shared/terraform_state] called
[2024-09-29T19:03:00+00:00] INFO: ruby_block[directory resource: /var/opt/gitlab/gitlab-rails/shared/ci_secure_files] called
[2024-09-29T19:03:00+00:00] INFO: ruby_block[directory resource: /var/opt/gitlab/gitlab-rails/shared/encrypted_settings] called
[2024-09-29T19:03:00+00:00] INFO: ruby_block[directory resource: /var/opt/gitlab/gitlab-rails/uploads] called
[2024-09-29T19:03:00+00:00] INFO: ruby_block[directory resource: /var/opt/gitlab/gitlab-ci/builds] called
[2024-09-29T19:03:00+00:00] INFO: ruby_block[directory resource: /var/opt/gitlab/gitlab-rails/shared/cache] called
[2024-09-29T19:03:00+00:00] INFO: ruby_block[directory resource: /var/opt/gitlab/gitlab-rails/shared/tmp] called
[2024-09-29T19:03:00+00:00] INFO: directory[create /var/opt/gitlab/gitlab-rails/etc] created directory /var/opt/gitlab/gitlab-rails/etc
[2024-09-29T19:03:00+00:00] INFO: directory[create /var/opt/gitlab/gitlab-rails/etc] owner changed to 998
[2024-09-29T19:03:00+00:00] INFO: directory[create /var/opt/gitlab/gitlab-rails/etc] mode changed to 700
[2024-09-29T19:03:00+00:00] INFO: directory[create /var/opt/gitlab/gitlab-rails/working] created directory /var/opt/gitlab/gitlab-rails/working
[2024-09-29T19:03:00+00:00] INFO: directory[create /var/opt/gitlab/gitlab-rails/working] owner changed to 998
[2024-09-29T19:03:00+00:00] INFO: directory[create /var/opt/gitlab/gitlab-rails/working] mode changed to 700
[2024-09-29T19:03:00+00:00] INFO: directory[create /var/opt/gitlab/gitlab-rails/tmp] created directory /var/opt/gitlab/gitlab-rails/tmp
[2024-09-29T19:03:00+00:00] INFO: directory[create /var/opt/gitlab/gitlab-rails/tmp] owner changed to 998
[2024-09-29T19:03:00+00:00] INFO: directory[create /var/opt/gitlab/gitlab-rails/tmp] mode changed to 700
[2024-09-29T19:03:00+00:00] INFO: directory[create /var/opt/gitlab/gitlab-rails/upgrade-status] created directory /var/opt/gitlab/gitlab-rails/upgrade-status
[2024-09-29T19:03:00+00:00] INFO: directory[create /var/opt/gitlab/gitlab-rails/upgrade-status] owner changed to 998
[2024-09-29T19:03:00+00:00] INFO: directory[create /var/opt/gitlab/gitlab-rails/upgrade-status] mode changed to 700
[2024-09-29T19:03:00+00:00] INFO: directory[/var/log/gitlab/gitlab-rails] created directory /var/log/gitlab/gitlab-rails
[2024-09-29T19:03:00+00:00] INFO: directory[/var/log/gitlab/gitlab-rails] owner changed to 998
[2024-09-29T19:03:00+00:00] INFO: directory[/var/log/gitlab/gitlab-rails] mode changed to 700
[2024-09-29T19:03:01+00:00] INFO: ruby_block[directory resource: /var/opt/gitlab/backups] called
[2024-09-29T19:03:01+00:00] INFO: directory[/var/opt/gitlab/gitlab-rails] owner changed to 998
[2024-09-29T19:03:01+00:00] INFO: directory[/var/opt/gitlab/gitlab-ci] owner changed to 998
[2024-09-29T19:03:01+00:00] WARN: only_if block for file[/var/opt/gitlab/gitlab-rails/etc/gitlab-registry.key] returned a string, did you mean to run a command?
[2024-09-29T19:03:01+00:00] INFO: file[/var/opt/gitlab/gitlab-rails/etc/gitlab-registry.key] created file /var/opt/gitlab/gitlab-rails/etc/gitlab-registry.key
[2024-09-29T19:03:01+00:00] INFO: file[/var/opt/gitlab/gitlab-rails/etc/gitlab-registry.key] updated file contents /var/opt/gitlab/gitlab-rails/etc/gitlab-registry.key
[2024-09-29T19:03:01+00:00] INFO: file[/var/opt/gitlab/gitlab-rails/etc/gitlab-registry.key] owner changed to 998
[2024-09-29T19:03:01+00:00] INFO: file[/var/opt/gitlab/gitlab-rails/etc/gitlab-registry.key] group changed to 998
[2024-09-29T19:03:01+00:00] INFO: template[/var/opt/gitlab/gitlab-rails/etc/database.yml] created file /var/opt/gitlab/gitlab-rails/etc/database.yml
[2024-09-29T19:03:01+00:00] INFO: template[/var/opt/gitlab/gitlab-rails/etc/database.yml] updated file contents /var/opt/gitlab/gitlab-rails/etc/database.yml
[2024-09-29T19:03:01+00:00] INFO: template[/var/opt/gitlab/gitlab-rails/etc/database.yml] owner changed to 0
[2024-09-29T19:03:01+00:00] INFO: template[/var/opt/gitlab/gitlab-rails/etc/database.yml] group changed to 998
[2024-09-29T19:03:01+00:00] INFO: template[/var/opt/gitlab/gitlab-rails/etc/database.yml] mode changed to 640
[2024-09-29T19:03:01+00:00] INFO: template[/var/opt/gitlab/gitlab-rails/etc/click_house.yml] created file /var/opt/gitlab/gitlab-rails/etc/click_house.yml
[2024-09-29T19:03:01+00:00] INFO: template[/var/opt/gitlab/gitlab-rails/etc/click_house.yml] updated file contents /var/opt/gitlab/gitlab-rails/etc/click_house.yml
[2024-09-29T19:03:01+00:00] INFO: template[/var/opt/gitlab/gitlab-rails/etc/click_house.yml] owner changed to 0
[2024-09-29T19:03:01+00:00] INFO: template[/var/opt/gitlab/gitlab-rails/etc/click_house.yml] group changed to 998
[2024-09-29T19:03:01+00:00] INFO: template[/var/opt/gitlab/gitlab-rails/etc/click_house.yml] mode changed to 640
[2024-09-29T19:03:01+00:00] INFO: template[/var/opt/gitlab/gitlab-rails/etc/secrets.yml] created file /var/opt/gitlab/gitlab-rails/etc/secrets.yml
[2024-09-29T19:03:01+00:00] INFO: template[/var/opt/gitlab/gitlab-rails/etc/secrets.yml] updated file contents /var/opt/gitlab/gitlab-rails/etc/secrets.yml
[2024-09-29T19:03:01+00:00] INFO: template[/var/opt/gitlab/gitlab-rails/etc/secrets.yml] owner changed to 0
[2024-09-29T19:03:01+00:00] INFO: template[/var/opt/gitlab/gitlab-rails/etc/secrets.yml] group changed to 0
[2024-09-29T19:03:01+00:00] INFO: template[/var/opt/gitlab/gitlab-rails/etc/secrets.yml] mode changed to 644
[2024-09-29T19:03:01+00:00] INFO: template[/var/opt/gitlab/gitlab-rails/etc/resque.yml] created file /var/opt/gitlab/gitlab-rails/etc/resque.yml
[2024-09-29T19:03:01+00:00] INFO: template[/var/opt/gitlab/gitlab-rails/etc/resque.yml] updated file contents /var/opt/gitlab/gitlab-rails/etc/resque.yml
[2024-09-29T19:03:01+00:00] INFO: template[/var/opt/gitlab/gitlab-rails/etc/resque.yml] owner changed to 0
[2024-09-29T19:03:01+00:00] INFO: template[/var/opt/gitlab/gitlab-rails/etc/resque.yml] group changed to 0
[2024-09-29T19:03:01+00:00] INFO: template[/var/opt/gitlab/gitlab-rails/etc/resque.yml] mode changed to 644
[2024-09-29T19:03:01+00:00] INFO: template[/var/opt/gitlab/gitlab-rails/etc/redis.yml] created file /var/opt/gitlab/gitlab-rails/etc/redis.yml
[2024-09-29T19:03:01+00:00] INFO: template[/var/opt/gitlab/gitlab-rails/etc/redis.yml] updated file contents /var/opt/gitlab/gitlab-rails/etc/redis.yml
[2024-09-29T19:03:01+00:00] INFO: template[/var/opt/gitlab/gitlab-rails/etc/redis.yml] owner changed to 0
[2024-09-29T19:03:01+00:00] INFO: template[/var/opt/gitlab/gitlab-rails/etc/redis.yml] group changed to 0
[2024-09-29T19:03:01+00:00] INFO: template[/var/opt/gitlab/gitlab-rails/etc/redis.yml] mode changed to 644
[2024-09-29T19:03:01+00:00] INFO: template[/var/opt/gitlab/gitlab-rails/etc/cable.yml] created file /var/opt/gitlab/gitlab-rails/etc/cable.yml
[2024-09-29T19:03:01+00:00] INFO: template[/var/opt/gitlab/gitlab-rails/etc/cable.yml] updated file contents /var/opt/gitlab/gitlab-rails/etc/cable.yml
[2024-09-29T19:03:01+00:00] INFO: template[/var/opt/gitlab/gitlab-rails/etc/cable.yml] owner changed to 0
[2024-09-29T19:03:01+00:00] INFO: template[/var/opt/gitlab/gitlab-rails/etc/cable.yml] group changed to 0
[2024-09-29T19:03:01+00:00] INFO: template[/var/opt/gitlab/gitlab-rails/etc/cable.yml] mode changed to 644
[2024-09-29T19:03:01+00:00] INFO: template[/var/opt/gitlab/gitlab-rails/etc/session_store.yml] created file /var/opt/gitlab/gitlab-rails/etc/session_store.yml
[2024-09-29T19:03:01+00:00] INFO: template[/var/opt/gitlab/gitlab-rails/etc/session_store.yml] updated file contents /var/opt/gitlab/gitlab-rails/etc/session_store.yml
[2024-09-29T19:03:01+00:00] INFO: template[/var/opt/gitlab/gitlab-rails/etc/session_store.yml] owner changed to 0
[2024-09-29T19:03:01+00:00] INFO: template[/var/opt/gitlab/gitlab-rails/etc/session_store.yml] group changed to 998
[2024-09-29T19:03:01+00:00] INFO: template[/var/opt/gitlab/gitlab-rails/etc/session_store.yml] mode changed to 640
[2024-09-29T19:03:01+00:00] INFO: template[/var/opt/gitlab/gitlab-rails/etc/gitlab.yml] created file /var/opt/gitlab/gitlab-rails/etc/gitlab.yml
[2024-09-29T19:03:01+00:00] INFO: template[/var/opt/gitlab/gitlab-rails/etc/gitlab.yml] updated file contents /var/opt/gitlab/gitlab-rails/etc/gitlab.yml
[2024-09-29T19:03:01+00:00] INFO: template[/var/opt/gitlab/gitlab-rails/etc/gitlab.yml] owner changed to 0
[2024-09-29T19:03:01+00:00] INFO: template[/var/opt/gitlab/gitlab-rails/etc/gitlab.yml] group changed to 998
[2024-09-29T19:03:01+00:00] INFO: template[/var/opt/gitlab/gitlab-rails/etc/gitlab.yml] mode changed to 640
[2024-09-29T19:03:01+00:00] INFO: template[/var/opt/gitlab/gitlab-rails/etc/gitlab_workhorse_secret] created file /var/opt/gitlab/gitlab-rails/etc/gitlab_workhorse_secret
[2024-09-29T19:03:01+00:00] INFO: template[/var/opt/gitlab/gitlab-rails/etc/gitlab_workhorse_secret] updated file contents /var/opt/gitlab/gitlab-rails/etc/gitlab_workhorse_secret
[2024-09-29T19:03:01+00:00] INFO: template[/var/opt/gitlab/gitlab-rails/etc/gitlab_workhorse_secret] owner changed to 0
[2024-09-29T19:03:01+00:00] INFO: template[/var/opt/gitlab/gitlab-rails/etc/gitlab_workhorse_secret] group changed to 0
[2024-09-29T19:03:01+00:00] INFO: template[/var/opt/gitlab/gitlab-rails/etc/gitlab_workhorse_secret] mode changed to 644
[2024-09-29T19:03:01+00:00] INFO: template[/var/opt/gitlab/gitlab-rails/etc/gitlab_shell_secret] created file /var/opt/gitlab/gitlab-rails/etc/gitlab_shell_secret
[2024-09-29T19:03:01+00:00] INFO: template[/var/opt/gitlab/gitlab-rails/etc/gitlab_shell_secret] updated file contents /var/opt/gitlab/gitlab-rails/etc/gitlab_shell_secret
[2024-09-29T19:03:01+00:00] INFO: template[/var/opt/gitlab/gitlab-rails/etc/gitlab_shell_secret] owner changed to 0
[2024-09-29T19:03:01+00:00] INFO: template[/var/opt/gitlab/gitlab-rails/etc/gitlab_shell_secret] group changed to 0
[2024-09-29T19:03:01+00:00] INFO: template[/var/opt/gitlab/gitlab-rails/etc/gitlab_shell_secret] mode changed to 644
[2024-09-29T19:03:01+00:00] WARN: only_if block for templatesymlink[Create a gitlab_pages_secret and create a symlink to Rails root] returned a string, did you mean to run a command?
[2024-09-29T19:03:01+00:00] INFO: template[/var/opt/gitlab/gitlab-rails/etc/gitlab_pages_secret] created file /var/opt/gitlab/gitlab-rails/etc/gitlab_pages_secret
[2024-09-29T19:03:01+00:00] INFO: template[/var/opt/gitlab/gitlab-rails/etc/gitlab_pages_secret] updated file contents /var/opt/gitlab/gitlab-rails/etc/gitlab_pages_secret
[2024-09-29T19:03:01+00:00] INFO: template[/var/opt/gitlab/gitlab-rails/etc/gitlab_pages_secret] owner changed to 0
[2024-09-29T19:03:01+00:00] INFO: template[/var/opt/gitlab/gitlab-rails/etc/gitlab_pages_secret] group changed to 0
[2024-09-29T19:03:01+00:00] INFO: template[/var/opt/gitlab/gitlab-rails/etc/gitlab_pages_secret] mode changed to 644
[2024-09-29T19:03:01+00:00] WARN: only_if block for templatesymlink[Create a gitlab_kas_secret and create a symlink to Rails root] returned a string, did you mean to run a command?
[2024-09-29T19:03:01+00:00] INFO: template[/var/opt/gitlab/gitlab-rails/etc/gitlab_kas_secret] created file /var/opt/gitlab/gitlab-rails/etc/gitlab_kas_secret
[2024-09-29T19:03:01+00:00] INFO: template[/var/opt/gitlab/gitlab-rails/etc/gitlab_kas_secret] updated file contents /var/opt/gitlab/gitlab-rails/etc/gitlab_kas_secret
[2024-09-29T19:03:01+00:00] INFO: template[/var/opt/gitlab/gitlab-rails/etc/gitlab_kas_secret] owner changed to 0
[2024-09-29T19:03:01+00:00] INFO: template[/var/opt/gitlab/gitlab-rails/etc/gitlab_kas_secret] group changed to 0
[2024-09-29T19:03:01+00:00] INFO: template[/var/opt/gitlab/gitlab-rails/etc/gitlab_kas_secret] mode changed to 644
[2024-09-29T19:03:01+00:00] INFO: remote_file[/var/opt/gitlab/gitlab-rails/VERSION] created file /var/opt/gitlab/gitlab-rails/VERSION
[2024-09-29T19:03:01+00:00] INFO: remote_file[/var/opt/gitlab/gitlab-rails/VERSION] updated file contents /var/opt/gitlab/gitlab-rails/VERSION
[2024-09-29T19:03:01+00:00] INFO: remote_file[/var/opt/gitlab/gitlab-rails/REVISION] created file /var/opt/gitlab/gitlab-rails/REVISION
[2024-09-29T19:03:01+00:00] INFO: remote_file[/var/opt/gitlab/gitlab-rails/REVISION] updated file contents /var/opt/gitlab/gitlab-rails/REVISION
[2024-09-29T19:03:01+00:00] INFO: file[/var/opt/gitlab/gitlab-rails/RUBY_VERSION] created file /var/opt/gitlab/gitlab-rails/RUBY_VERSION
[2024-09-29T19:03:01+00:00] INFO: file[/var/opt/gitlab/gitlab-rails/RUBY_VERSION] updated file contents /var/opt/gitlab/gitlab-rails/RUBY_VERSION
[2024-09-29T19:03:01+00:00] INFO: directory[/etc/gitlab/trusted-certs] created directory /etc/gitlab/trusted-certs
[2024-09-29T19:03:01+00:00] INFO: directory[/etc/gitlab/trusted-certs] mode changed to 755
[2024-09-29T19:03:01+00:00] INFO: ruby_block[Move existing certs and link to /opt/gitlab/embedded/ssl/certs] called
[2024-09-29T19:03:01+00:00] INFO: ruby_block[directory resource: /var/opt/gitlab/.ssh] called
[2024-09-29T19:03:01+00:00] INFO: directory[/var/opt/gitlab/gitlab-shell] created directory /var/opt/gitlab/gitlab-shell
[2024-09-29T19:03:01+00:00] INFO: directory[/var/opt/gitlab/gitlab-shell] owner changed to 998
[2024-09-29T19:03:01+00:00] INFO: directory[/var/opt/gitlab/gitlab-shell] mode changed to 700
[2024-09-29T19:03:01+00:00] INFO: directory[/var/log/gitlab/gitlab-shell] created directory /var/log/gitlab/gitlab-shell
[2024-09-29T19:03:01+00:00] INFO: directory[/var/log/gitlab/gitlab-shell] owner changed to 998
[2024-09-29T19:03:01+00:00] INFO: directory[/var/log/gitlab/gitlab-shell] mode changed to 700
[2024-09-29T19:03:01+00:00] INFO: template[/var/opt/gitlab/gitlab-shell/config.yml] created file /var/opt/gitlab/gitlab-shell/config.yml
[2024-09-29T19:03:01+00:00] INFO: template[/var/opt/gitlab/gitlab-shell/config.yml] updated file contents /var/opt/gitlab/gitlab-shell/config.yml
[2024-09-29T19:03:01+00:00] INFO: template[/var/opt/gitlab/gitlab-shell/config.yml] owner changed to 0
[2024-09-29T19:03:01+00:00] INFO: template[/var/opt/gitlab/gitlab-shell/config.yml] group changed to 998
[2024-09-29T19:03:01+00:00] INFO: template[/var/opt/gitlab/gitlab-shell/config.yml] mode changed to 640
[2024-09-29T19:03:01+00:00] INFO: file[/var/opt/gitlab/.ssh/authorized_keys] created file /var/opt/gitlab/.ssh/authorized_keys
[2024-09-29T19:03:01+00:00] INFO: file[/var/opt/gitlab/.ssh/authorized_keys] owner changed to 998
[2024-09-29T19:03:01+00:00] INFO: file[/var/opt/gitlab/.ssh/authorized_keys] group changed to 998
[2024-09-29T19:03:01+00:00] INFO: file[/var/opt/gitlab/.ssh/authorized_keys] mode changed to 600
[2024-09-29T19:03:01+00:00] INFO: directory[/var/opt/gitlab/logrotate] created directory /var/opt/gitlab/logrotate
[2024-09-29T19:03:01+00:00] INFO: directory[/var/opt/gitlab/logrotate] mode changed to 700
[2024-09-29T19:03:01+00:00] INFO: directory[/var/opt/gitlab/logrotate/logrotate.d] created directory /var/opt/gitlab/logrotate/logrotate.d
[2024-09-29T19:03:01+00:00] INFO: directory[/var/opt/gitlab/logrotate/logrotate.d] mode changed to 700
[2024-09-29T19:03:01+00:00] INFO: directory[/var/log/gitlab/logrotate] created directory /var/log/gitlab/logrotate
[2024-09-29T19:03:01+00:00] INFO: directory[/var/log/gitlab/logrotate] owner changed to 0
[2024-09-29T19:03:01+00:00] INFO: directory[/var/log/gitlab/logrotate] mode changed to 700
[2024-09-29T19:03:01+00:00] INFO: template[/var/opt/gitlab/logrotate/logrotate.conf] created file /var/opt/gitlab/logrotate/logrotate.conf
[2024-09-29T19:03:01+00:00] INFO: template[/var/opt/gitlab/logrotate/logrotate.conf] updated file contents /var/opt/gitlab/logrotate/logrotate.conf
[2024-09-29T19:03:01+00:00] INFO: template[/var/opt/gitlab/logrotate/logrotate.conf] mode changed to 644
[2024-09-29T19:03:01+00:00] INFO: template[/var/opt/gitlab/logrotate/logrotate.d/nginx] created file /var/opt/gitlab/logrotate/logrotate.d/nginx
[2024-09-29T19:03:01+00:00] INFO: template[/var/opt/gitlab/logrotate/logrotate.d/nginx] updated file contents /var/opt/gitlab/logrotate/logrotate.d/nginx
[2024-09-29T19:03:01+00:00] INFO: template[/var/opt/gitlab/logrotate/logrotate.d/puma] created file /var/opt/gitlab/logrotate/logrotate.d/puma
[2024-09-29T19:03:01+00:00] INFO: template[/var/opt/gitlab/logrotate/logrotate.d/puma] updated file contents /var/opt/gitlab/logrotate/logrotate.d/puma
[2024-09-29T19:03:01+00:00] INFO: template[/var/opt/gitlab/logrotate/logrotate.d/gitlab-rails] created file /var/opt/gitlab/logrotate/logrotate.d/gitlab-rails
[2024-09-29T19:03:01+00:00] INFO: template[/var/opt/gitlab/logrotate/logrotate.d/gitlab-rails] updated file contents /var/opt/gitlab/logrotate/logrotate.d/gitlab-rails
[2024-09-29T19:03:01+00:00] INFO: template[/var/opt/gitlab/logrotate/logrotate.d/gitlab-shell] created file /var/opt/gitlab/logrotate/logrotate.d/gitlab-shell
[2024-09-29T19:03:01+00:00] INFO: template[/var/opt/gitlab/logrotate/logrotate.d/gitlab-shell] updated file contents /var/opt/gitlab/logrotate/logrotate.d/gitlab-shell
[2024-09-29T19:03:01+00:00] INFO: template[/var/opt/gitlab/logrotate/logrotate.d/gitlab-workhorse] created file /var/opt/gitlab/logrotate/logrotate.d/gitlab-workhorse
[2024-09-29T19:03:01+00:00] INFO: template[/var/opt/gitlab/logrotate/logrotate.d/gitlab-workhorse] updated file contents /var/opt/gitlab/logrotate/logrotate.d/gitlab-workhorse
[2024-09-29T19:03:01+00:00] INFO: template[/var/opt/gitlab/logrotate/logrotate.d/gitlab-pages] created file /var/opt/gitlab/logrotate/logrotate.d/gitlab-pages
[2024-09-29T19:03:01+00:00] INFO: template[/var/opt/gitlab/logrotate/logrotate.d/gitlab-pages] updated file contents /var/opt/gitlab/logrotate/logrotate.d/gitlab-pages
[2024-09-29T19:03:01+00:00] INFO: template[/var/opt/gitlab/logrotate/logrotate.d/gitlab-kas] created file /var/opt/gitlab/logrotate/logrotate.d/gitlab-kas
[2024-09-29T19:03:01+00:00] INFO: template[/var/opt/gitlab/logrotate/logrotate.d/gitlab-kas] updated file contents /var/opt/gitlab/logrotate/logrotate.d/gitlab-kas
[2024-09-29T19:03:01+00:00] INFO: template[/var/opt/gitlab/logrotate/logrotate.d/gitaly] created file /var/opt/gitlab/logrotate/logrotate.d/gitaly
[2024-09-29T19:03:01+00:00] INFO: template[/var/opt/gitlab/logrotate/logrotate.d/gitaly] updated file contents /var/opt/gitlab/logrotate/logrotate.d/gitaly
[2024-09-29T19:03:01+00:00] INFO: template[/var/opt/gitlab/logrotate/logrotate.d/mailroom] created file /var/opt/gitlab/logrotate/logrotate.d/mailroom
[2024-09-29T19:03:01+00:00] INFO: template[/var/opt/gitlab/logrotate/logrotate.d/mailroom] updated file contents /var/opt/gitlab/logrotate/logrotate.d/mailroom
[2024-09-29T19:03:01+00:00] INFO: link[/var/log/gitlab/logrotate/config] created
[2024-09-29T19:03:01+00:00] INFO: link[/opt/gitlab/service/logrotate] created
[2024-09-29T19:03:02+00:00] INFO: Retrying execution of execute[/opt/gitlab/bin/gitlab-ctl start logrotate], 19 attempts left
[2024-09-29T19:03:05+00:00] INFO: execute[/opt/gitlab/bin/gitlab-ctl start logrotate] ran successfully
[2024-09-29T19:03:05+00:00] WARN: redis does not have a log_group or default logdir mode defined. Setting to 0700.
[2024-09-29T19:03:05+00:00] INFO: directory[/var/opt/gitlab/redis] created directory /var/opt/gitlab/redis
[2024-09-29T19:03:05+00:00] INFO: directory[/var/opt/gitlab/redis] owner changed to 997
[2024-09-29T19:03:05+00:00] INFO: directory[/var/opt/gitlab/redis] group changed to 998
[2024-09-29T19:03:05+00:00] INFO: directory[/var/opt/gitlab/redis] mode changed to 750
[2024-09-29T19:03:05+00:00] INFO: directory[/var/log/gitlab/redis] created directory /var/log/gitlab/redis
[2024-09-29T19:03:05+00:00] INFO: directory[/var/log/gitlab/redis] owner changed to 997
[2024-09-29T19:03:05+00:00] INFO: directory[/var/log/gitlab/redis] mode changed to 700
[2024-09-29T19:03:05+00:00] INFO: template[/var/opt/gitlab/redis/redis.conf] created file /var/opt/gitlab/redis/redis.conf
[2024-09-29T19:03:05+00:00] INFO: template[/var/opt/gitlab/redis/redis.conf] updated file contents /var/opt/gitlab/redis/redis.conf
[2024-09-29T19:03:05+00:00] INFO: template[/var/opt/gitlab/redis/redis.conf] owner changed to 997
[2024-09-29T19:03:05+00:00] INFO: template[/var/opt/gitlab/redis/redis.conf] mode changed to 644
[2024-09-29T19:03:05+00:00] INFO: link[/var/log/gitlab/redis/config] created
[2024-09-29T19:03:05+00:00] INFO: link[/opt/gitlab/service/redis] created
[2024-09-29T19:03:05+00:00] INFO: Retrying execution of execute[/opt/gitlab/bin/gitlab-ctl start redis], 19 attempts left
[2024-09-29T19:03:08+00:00] INFO: execute[/opt/gitlab/bin/gitlab-ctl start redis] ran successfully
[2024-09-29T19:03:08+00:00] INFO: directory[/var/opt/gitlab/gitaly] created directory /var/opt/gitlab/gitaly
[2024-09-29T19:03:08+00:00] INFO: directory[/var/opt/gitlab/gitaly] owner changed to 998
[2024-09-29T19:03:08+00:00] INFO: directory[/var/opt/gitlab/gitaly] mode changed to 700
[2024-09-29T19:03:08+00:00] INFO: directory[/var/opt/gitlab/gitaly/run] created directory /var/opt/gitlab/gitaly/run
[2024-09-29T19:03:08+00:00] INFO: directory[/var/opt/gitlab/gitaly/run] owner changed to 998
[2024-09-29T19:03:08+00:00] INFO: directory[/var/opt/gitlab/gitaly/run] mode changed to 700
[2024-09-29T19:03:08+00:00] INFO: directory[/var/log/gitlab/gitaly] created directory /var/log/gitlab/gitaly
[2024-09-29T19:03:08+00:00] INFO: directory[/var/log/gitlab/gitaly] owner changed to 998
[2024-09-29T19:03:08+00:00] INFO: directory[/var/log/gitlab/gitaly] mode changed to 700
[2024-09-29T19:03:08+00:00] INFO: template[Create Gitaly config.toml] created file /var/opt/gitlab/gitaly/config.toml
[2024-09-29T19:03:08+00:00] INFO: template[Create Gitaly config.toml] updated file contents /var/opt/gitlab/gitaly/config.toml
[2024-09-29T19:03:08+00:00] INFO: template[Create Gitaly config.toml] owner changed to 0
[2024-09-29T19:03:08+00:00] INFO: template[Create Gitaly config.toml] group changed to 998
[2024-09-29T19:03:08+00:00] INFO: template[Create Gitaly config.toml] mode changed to 640
[2024-09-29T19:03:08+00:00] INFO: link[/var/log/gitlab/gitaly/config] created
[2024-09-29T19:03:08+00:00] INFO: link[/opt/gitlab/service/gitaly] created
[2024-09-29T19:03:09+00:00] INFO: Retrying execution of execute[/opt/gitlab/bin/gitlab-ctl start gitaly], 19 attempts left
[2024-09-29T19:03:12+00:00] INFO: execute[/opt/gitlab/bin/gitlab-ctl start gitaly] ran successfully
[2024-09-29T19:03:14+00:00] INFO: file[/var/opt/gitlab/gitaly/VERSION] created file /var/opt/gitlab/gitaly/VERSION
[2024-09-29T19:03:14+00:00] INFO: file[/var/opt/gitlab/gitaly/VERSION] updated file contents /var/opt/gitlab/gitaly/VERSION
[2024-09-29T19:03:14+00:00] INFO: ruby_block[Link postgresql bin files to the correct version] called
[2024-09-29T19:03:14+00:00] INFO: directory[/var/opt/gitlab/postgresql] created directory /var/opt/gitlab/postgresql
[2024-09-29T19:03:14+00:00] INFO: directory[/var/opt/gitlab/postgresql] owner changed to 996
[2024-09-29T19:03:14+00:00] INFO: directory[/var/opt/gitlab/postgresql] group changed to 996
[2024-09-29T19:03:14+00:00] INFO: directory[/var/opt/gitlab/postgresql] mode changed to 2775
[2024-09-29T19:03:14+00:00] INFO: file[/var/opt/gitlab/postgresql/.profile] created file /var/opt/gitlab/postgresql/.profile
[2024-09-29T19:03:14+00:00] INFO: file[/var/opt/gitlab/postgresql/.profile] updated file contents /var/opt/gitlab/postgresql/.profile
[2024-09-29T19:03:14+00:00] INFO: file[/var/opt/gitlab/postgresql/.profile] owner changed to 996
[2024-09-29T19:03:14+00:00] INFO: file[/var/opt/gitlab/postgresql/.profile] mode changed to 600
[2024-09-29T19:03:14+00:00] INFO: directory[/var/opt/gitlab/postgresql/data] created directory /var/opt/gitlab/postgresql/data
[2024-09-29T19:03:14+00:00] INFO: directory[/var/opt/gitlab/postgresql/data] owner changed to 996
[2024-09-29T19:03:14+00:00] INFO: directory[/var/opt/gitlab/postgresql/data] mode changed to 700
[2024-09-29T19:03:14+00:00] INFO: directory[/var/log/gitlab/postgresql] created directory /var/log/gitlab/postgresql
[2024-09-29T19:03:14+00:00] INFO: directory[/var/log/gitlab/postgresql] owner changed to 996
[2024-09-29T19:03:14+00:00] INFO: directory[/var/log/gitlab/postgresql] mode changed to 700
[2024-09-29T19:03:17+00:00] INFO: execute[/opt/gitlab/embedded/bin/initdb -D /var/opt/gitlab/postgresql/data -E UTF8] ran successfully
[2024-09-29T19:03:17+00:00] INFO: file[/var/opt/gitlab/postgresql/data/server.crt] created file /var/opt/gitlab/postgresql/data/server.crt
[2024-09-29T19:03:17+00:00] INFO: file[/var/opt/gitlab/postgresql/data/server.crt] updated file contents /var/opt/gitlab/postgresql/data/server.crt
[2024-09-29T19:03:17+00:00] INFO: file[/var/opt/gitlab/postgresql/data/server.crt] owner changed to 996
[2024-09-29T19:03:17+00:00] INFO: file[/var/opt/gitlab/postgresql/data/server.crt] group changed to 996
[2024-09-29T19:03:17+00:00] INFO: file[/var/opt/gitlab/postgresql/data/server.crt] mode changed to 400
[2024-09-29T19:03:17+00:00] INFO: file[/var/opt/gitlab/postgresql/data/server.key] created file /var/opt/gitlab/postgresql/data/server.key
[2024-09-29T19:03:17+00:00] INFO: file[/var/opt/gitlab/postgresql/data/server.key] updated file contents /var/opt/gitlab/postgresql/data/server.key
[2024-09-29T19:03:17+00:00] INFO: file[/var/opt/gitlab/postgresql/data/server.key] owner changed to 996
[2024-09-29T19:03:17+00:00] INFO: file[/var/opt/gitlab/postgresql/data/server.key] group changed to 996
[2024-09-29T19:03:17+00:00] INFO: file[/var/opt/gitlab/postgresql/data/server.key] mode changed to 400
[2024-09-29T19:03:17+00:00] INFO: template[/var/opt/gitlab/postgresql/data/postgresql.conf] backed up to /opt/gitlab/embedded/cookbooks/cache/backup/var/opt/gitlab/postgresql/data/postgresql.conf.chef-20240929190317.173762
[2024-09-29T19:03:17+00:00] INFO: template[/var/opt/gitlab/postgresql/data/postgresql.conf] updated file contents /var/opt/gitlab/postgresql/data/postgresql.conf
[2024-09-29T19:03:17+00:00] INFO: template[/var/opt/gitlab/postgresql/data/postgresql.conf] mode changed to 644
[2024-09-29T19:03:17+00:00] INFO: template[/var/opt/gitlab/postgresql/data/runtime.conf] created file /var/opt/gitlab/postgresql/data/runtime.conf
[2024-09-29T19:03:17+00:00] INFO: template[/var/opt/gitlab/postgresql/data/runtime.conf] updated file contents /var/opt/gitlab/postgresql/data/runtime.conf
[2024-09-29T19:03:17+00:00] INFO: template[/var/opt/gitlab/postgresql/data/runtime.conf] owner changed to 996
[2024-09-29T19:03:17+00:00] INFO: template[/var/opt/gitlab/postgresql/data/runtime.conf] mode changed to 644
[2024-09-29T19:03:17+00:00] INFO: template[/var/opt/gitlab/postgresql/data/pg_hba.conf] backed up to /opt/gitlab/embedded/cookbooks/cache/backup/var/opt/gitlab/postgresql/data/pg_hba.conf.chef-20240929190317.221394
[2024-09-29T19:03:17+00:00] INFO: template[/var/opt/gitlab/postgresql/data/pg_hba.conf] updated file contents /var/opt/gitlab/postgresql/data/pg_hba.conf
[2024-09-29T19:03:17+00:00] INFO: template[/var/opt/gitlab/postgresql/data/pg_hba.conf] mode changed to 644
[2024-09-29T19:03:17+00:00] INFO: template[/var/opt/gitlab/postgresql/data/pg_ident.conf] backed up to /opt/gitlab/embedded/cookbooks/cache/backup/var/opt/gitlab/postgresql/data/pg_ident.conf.chef-20240929190317.231165
[2024-09-29T19:03:17+00:00] INFO: template[/var/opt/gitlab/postgresql/data/pg_ident.conf] updated file contents /var/opt/gitlab/postgresql/data/pg_ident.conf
[2024-09-29T19:03:17+00:00] INFO: template[/var/opt/gitlab/postgresql/data/pg_ident.conf] mode changed to 644
[2024-09-29T19:03:17+00:00] INFO: link[/var/log/gitlab/postgresql/config] created
[2024-09-29T19:03:17+00:00] INFO: link[/opt/gitlab/service/postgresql] created
[2024-09-29T19:03:17+00:00] INFO: file[/opt/gitlab/service/postgresql/supervise/status] owner changed to 996
[2024-09-29T19:03:17+00:00] INFO: file[/opt/gitlab/service/postgresql/supervise/status] group changed to 996
[2024-09-29T19:03:17+00:00] INFO: file[/opt/gitlab/service/postgresql/supervise/status] updated atime and mtime to 2024-09-29 19:03:17 +0000
[2024-09-29T19:03:17+00:00] INFO: file[/opt/gitlab/service/postgresql/log/supervise/status] owner changed to 996
[2024-09-29T19:03:17+00:00] INFO: file[/opt/gitlab/service/postgresql/log/supervise/status] group changed to 996
[2024-09-29T19:03:17+00:00] INFO: file[/opt/gitlab/service/postgresql/log/supervise/status] updated atime and mtime to 2024-09-29 19:03:17 +0000
[2024-09-29T19:03:18+00:00] INFO: Retrying execution of execute[/opt/gitlab/bin/gitlab-ctl start postgresql], 19 attempts left
[2024-09-29T19:03:20+00:00] INFO: execute[/opt/gitlab/bin/gitlab-ctl start postgresql] ran successfully
[2024-09-29T19:03:20+00:00] INFO: execute[create gitlab postgresql user] ran successfully
[2024-09-29T19:03:20+00:00] INFO: execute[create gitlab_replicator postgresql user] ran successfully
[2024-09-29T19:03:21+00:00] INFO: execute[set options for gitlab_replicator postgresql user] ran successfully
[2024-09-29T19:03:21+00:00] INFO: execute[create database gitlabhq_production] ran successfully
[2024-09-29T19:03:21+00:00] INFO: execute[enable pg_trgm extension (postgresql)] ran successfully
[2024-09-29T19:03:22+00:00] INFO: execute[enable btree_gist extension (postgresql)] ran successfully
[2024-09-29T19:03:22+00:00] INFO: file[/var/opt/gitlab/postgresql/VERSION] created file /var/opt/gitlab/postgresql/VERSION
[2024-09-29T19:03:22+00:00] INFO: file[/var/opt/gitlab/postgresql/VERSION] updated file contents /var/opt/gitlab/postgresql/VERSION
[2024-09-29T19:03:22+00:00] INFO: directory[/var/opt/gitlab/gitlab-kas] created directory /var/opt/gitlab/gitlab-kas
[2024-09-29T19:03:22+00:00] INFO: directory[/var/opt/gitlab/gitlab-kas] owner changed to 998
[2024-09-29T19:03:22+00:00] INFO: directory[/var/opt/gitlab/gitlab-kas] mode changed to 700
[2024-09-29T19:03:22+00:00] INFO: directory[/var/log/gitlab/gitlab-kas] created directory /var/log/gitlab/gitlab-kas
[2024-09-29T19:03:22+00:00] INFO: directory[/var/log/gitlab/gitlab-kas] owner changed to 998
[2024-09-29T19:03:22+00:00] INFO: directory[/var/log/gitlab/gitlab-kas] mode changed to 700
[2024-09-29T19:03:22+00:00] INFO: file[/var/opt/gitlab/gitlab-kas/VERSION] created file /var/opt/gitlab/gitlab-kas/VERSION
[2024-09-29T19:03:22+00:00] INFO: file[/var/opt/gitlab/gitlab-kas/VERSION] updated file contents /var/opt/gitlab/gitlab-kas/VERSION
[2024-09-29T19:03:22+00:00] INFO: file[/var/opt/gitlab/gitlab-kas/authentication_secret_file] created file /var/opt/gitlab/gitlab-kas/authentication_secret_file
[2024-09-29T19:03:22+00:00] INFO: file[/var/opt/gitlab/gitlab-kas/authentication_secret_file] updated file contents /var/opt/gitlab/gitlab-kas/authentication_secret_file
[2024-09-29T19:03:22+00:00] INFO: file[/var/opt/gitlab/gitlab-kas/authentication_secret_file] owner changed to 0
[2024-09-29T19:03:22+00:00] INFO: file[/var/opt/gitlab/gitlab-kas/authentication_secret_file] group changed to 998
[2024-09-29T19:03:22+00:00] INFO: file[/var/opt/gitlab/gitlab-kas/authentication_secret_file] mode changed to 640
[2024-09-29T19:03:22+00:00] INFO: file[/var/opt/gitlab/gitlab-kas/private_api_authentication_secret_file] created file /var/opt/gitlab/gitlab-kas/private_api_authentication_secret_file
[2024-09-29T19:03:22+00:00] INFO: file[/var/opt/gitlab/gitlab-kas/private_api_authentication_secret_file] updated file contents /var/opt/gitlab/gitlab-kas/private_api_authentication_secret_file
[2024-09-29T19:03:22+00:00] INFO: file[/var/opt/gitlab/gitlab-kas/private_api_authentication_secret_file] owner changed to 0
[2024-09-29T19:03:22+00:00] INFO: file[/var/opt/gitlab/gitlab-kas/private_api_authentication_secret_file] group changed to 998
[2024-09-29T19:03:22+00:00] INFO: file[/var/opt/gitlab/gitlab-kas/private_api_authentication_secret_file] mode changed to 640
[2024-09-29T19:03:22+00:00] INFO: template[/var/opt/gitlab/gitlab-kas/gitlab-kas-config.yml] created file /var/opt/gitlab/gitlab-kas/gitlab-kas-config.yml
[2024-09-29T19:03:22+00:00] INFO: template[/var/opt/gitlab/gitlab-kas/gitlab-kas-config.yml] updated file contents /var/opt/gitlab/gitlab-kas/gitlab-kas-config.yml
[2024-09-29T19:03:22+00:00] INFO: template[/var/opt/gitlab/gitlab-kas/gitlab-kas-config.yml] owner changed to 0
[2024-09-29T19:03:22+00:00] INFO: template[/var/opt/gitlab/gitlab-kas/gitlab-kas-config.yml] group changed to 998
[2024-09-29T19:03:22+00:00] INFO: template[/var/opt/gitlab/gitlab-kas/gitlab-kas-config.yml] mode changed to 640
[2024-09-29T19:03:22+00:00] INFO: link[/var/log/gitlab/gitlab-kas/config] created
[2024-09-29T19:03:22+00:00] INFO: link[/opt/gitlab/service/gitlab-kas] created
[2024-09-29T19:03:22+00:00] WARN: gitlab-rails does not have a log_group or default logdir mode defined. Setting to 0700.
[2024-09-29T19:03:47+00:00] INFO: Running queued delayed notifications before re-raising exception
[2024-09-29T19:03:47+00:00] INFO: templatesymlink[Create a gitlab.yml and create a symlink to Rails root] sending run action to execute[clear the gitlab-rails cache] (delayed)
[2024-09-29T19:04:12+00:00] INFO: version_file[Create version file for Gitaly] sending hup action to runit_service[gitaly] (delayed)
[2024-09-29T19:04:12+00:00] INFO: runit_service[gitaly] signalled (HUP)
[2024-09-29T19:04:12+00:00] INFO: runit_service[gitaly] sent hup
[2024-09-29T19:04:12+00:00] ERROR: Running exception handlers
[2024-09-29T19:04:12+00:00] ERROR: Exception handlers complete
[2024-09-29T19:04:12+00:00] FATAL: Stacktrace dumped to /opt/gitlab/embedded/cookbooks/cache/cinc-stacktrace.out
[2024-09-29T19:04:12+00:00] FATAL: ---------------------------------------------------------------------------------------
[2024-09-29T19:04:12+00:00] FATAL: PLEASE PROVIDE THE CONTENTS OF THE stacktrace.out FILE (above) IF YOU FILE A BUG REPORT
[2024-09-29T19:04:12+00:00] FATAL: ---------------------------------------------------------------------------------------
[2024-09-29T19:04:12+00:00] FATAL: Chef::Exceptions::MultipleFailures: Multiple failures occurred:
* Mixlib::ShellOut::ShellCommandFailed occurred in Cinc Client run: rails_migration[gitlab-rails] (gitlab::database_migrations line 51) had an error: Mixlib::ShellOut::ShellCommandFailed: bash_hide_env[migrate gitlab-rails database] (gitlab::database_migrations line 20) had an error: Mixlib::ShellOut::ShellCommandFailed: Expected process to exit with [0], but received '1'
---- Begin output of "bash"  ----
STDOUT: rake aborted!
ArgumentError: Invalid Timezone: Germany/Berlin
/opt/gitlab/embedded/service/gitlab-rails/config/initializers/time_zone.rb:3:in `<top (required)>'
/opt/gitlab/embedded/service/gitlab-rails/config/environment.rb:7:in `<top (required)>'
<internal:/opt/gitlab/embedded/lib/ruby/site_ruby/3.1.0/rubygems/core_ext/kernel_require.rb>:37:in `require'
<internal:/opt/gitlab/embedded/lib/ruby/site_ruby/3.1.0/rubygems/core_ext/kernel_require.rb>:37:in `require'
/opt/gitlab/embedded/bin/bundle:25:in `load'
/opt/gitlab/embedded/bin/bundle:25:in `<main>'
Tasks: TOP => gitlab:db:configure => environment
(See full trace by running task with --trace)
STDERR: 
---- End output of "bash"  ----
Ran "bash"  returned 1
* Mixlib::ShellOut::ShellCommandFailed occurred in delayed notification: execute[clear the gitlab-rails cache] (gitlab::gitlab-rails line 567) had an error: Mixlib::ShellOut::ShellCommandFailed: Expected process to exit with [0], but received '1'
---- Begin output of /opt/gitlab/bin/gitlab-rake cache:clear ----
STDOUT: 
STDERR: rake aborted!
ArgumentError: Invalid Timezone: Germany/Berlin
/opt/gitlab/embedded/service/gitlab-rails/config/initializers/time_zone.rb:3:in `<top (required)>'
/opt/gitlab/embedded/service/gitlab-rails/config/environment.rb:7:in `<top (required)>'
<internal:/opt/gitlab/embedded/lib/ruby/site_ruby/3.1.0/rubygems/core_ext/kernel_require.rb>:37:in `require'
<internal:/opt/gitlab/embedded/lib/ruby/site_ruby/3.1.0/rubygems/core_ext/kernel_require.rb>:37:in `require'
/opt/gitlab/embedded/bin/bundle:25:in `load'
/opt/gitlab/embedded/bin/bundle:25:in `<main>'
Tasks: TOP => cache:clear => cache:clear:redis => environment
(See full trace by running task with --trace)
---- End output of /opt/gitlab/bin/gitlab-rake cache:clear ----
Ran /opt/gitlab/bin/gitlab-rake cache:clear returned 1

