# Logfile created on 2024-09-29 20:01:55 +0000 by logger.rb/v1.5.3
[2024-09-29T20:01:55+00:00] INFO: Started Cinc Zero at chefzero://localhost:1 with repository at /opt/gitlab/embedded (One version per cookbook)
[2024-09-29T20:01:55+00:00] INFO: *** Cinc Client 18.3.0 ***
[2024-09-29T20:01:55+00:00] INFO: Platform: aarch64-linux
[2024-09-29T20:01:55+00:00] INFO: Cinc-client pid: 33
[2024-09-29T20:01:56+00:00] INFO: Setting the run_list to ["recipe[gitlab]"] from CLI options
[2024-09-29T20:01:56+00:00] INFO: Run List is [recipe[gitlab]]
[2024-09-29T20:01:56+00:00] INFO: Run List expands to [gitlab]
[2024-09-29T20:01:56+00:00] INFO: Starting Cinc Client Run for gitlab.local
[2024-09-29T20:01:56+00:00] INFO: Running start handlers
[2024-09-29T20:01:56+00:00] INFO: Start handlers complete.
[2024-09-29T20:01:57+00:00] INFO: Loading cookbooks [gitlab@0.0.1, package@0.1.0, logrotate@0.1.0, postgresql@0.1.0, redis@0.1.0, monitoring@0.1.0, registry@0.1.0, mattermost@0.1.0, consul@0.1.0, gitaly@0.1.0, praefect@0.1.0, gitlab-kas@0.1.0, gitlab-pages@0.1.0, letsencrypt@0.1.0, nginx@0.1.0, runit@5.1.7, acme@4.1.6, crond@0.1.0]
[2024-09-29T20:01:58+00:00] INFO: Generating default secrets
[2024-09-29T20:02:00+00:00] INFO: Generating /etc/gitlab/gitlab-secrets.json file
[2024-09-29T20:02:00+00:00] WARN: gitlab-rails does not have a log_group or default logdir mode defined. Setting to 0700.
[2024-09-29T20:02:00+00:00] INFO: Skipped selecting an init system because it was explicitly disabled
[2024-09-29T20:02:00+00:00] WARN: gitlab-shell does not have a log_group or default logdir mode defined. Setting to 0700.
[2024-09-29T20:02:00+00:00] WARN: gitlab-sshd does not have a log_group or default logdir mode defined. Setting to 0700.
[2024-09-29T20:02:00+00:00] WARN: logrotate does not have a log_group or default logdir mode defined. Setting to 0700.
[2024-09-29T20:02:00+00:00] WARN: logrotate does not have a log_group or default logdir mode defined. Setting to 0700.
[2024-09-29T20:02:00+00:00] WARN: puma does not have a log_group or default logdir mode defined. Setting to 0700.
[2024-09-29T20:02:00+00:00] WARN: gitlab-rails does not have a log_group or default logdir mode defined. Setting to 0700.
[2024-09-29T20:02:00+00:00] WARN: gitlab-shell does not have a log_group or default logdir mode defined. Setting to 0700.
[2024-09-29T20:02:00+00:00] WARN: gitlab-workhorse does not have a log_group or default logdir mode defined. Setting to 0700.
[2024-09-29T20:02:00+00:00] WARN: gitlab-pages does not have a log_group or default logdir mode defined. Setting to 0700.
[2024-09-29T20:02:00+00:00] WARN: gitlab-kas does not have a log_group or default logdir mode defined. Setting to 0700.
[2024-09-29T20:02:00+00:00] WARN: gitaly does not have a log_group or default logdir mode defined. Setting to 0700.
[2024-09-29T20:02:00+00:00] WARN: mailroom does not have a log_group or default logdir mode defined. Setting to 0700.
[2024-09-29T20:02:00+00:00] WARN: gitaly does not have a log_group or default logdir mode defined. Setting to 0700.
[2024-09-29T20:02:00+00:00] WARN: postgresql does not have a log_group or default logdir mode defined. Setting to 0700.
[2024-09-29T20:02:00+00:00] WARN: postgresql does not have a log_group or default logdir mode defined. Setting to 0700.
[2024-09-29T20:02:00+00:00] WARN: gitlab-kas does not have a log_group or default logdir mode defined. Setting to 0700.
[2024-09-29T20:02:00+00:00] WARN: puma does not have a log_group or default logdir mode defined. Setting to 0700.
[2024-09-29T20:02:00+00:00] WARN: sidekiq does not have a log_group or default logdir mode defined. Setting to 0700.
[2024-09-29T20:02:00+00:00] WARN: gitlab-workhorse does not have a log_group or default logdir mode defined. Setting to 0700.
[2024-09-29T20:02:00+00:00] WARN: registry does not have a log_group or default logdir mode defined. Setting to 0700.
[2024-09-29T20:02:00+00:00] WARN: gitlab-exporter does not have a log_group or default logdir mode defined. Setting to 0700.
[2024-09-29T20:02:00+00:00] WARN: redis-exporter does not have a log_group or default logdir mode defined. Setting to 0700.
[2024-09-29T20:02:00+00:00] WARN: prometheus does not have a log_group or default logdir mode defined. Setting to 0700.
[2024-09-29T20:02:00+00:00] WARN: alertmanager does not have a log_group or default logdir mode defined. Setting to 0700.
[2024-09-29T20:02:00+00:00] WARN: postgres-exporter does not have a log_group or default logdir mode defined. Setting to 0700.
[2024-09-29T20:02:01+00:00] WARN: only_if block for file[/var/opt/gitlab/gitlab-rails/etc/gitlab-registry.key] returned a string, did you mean to run a command?
[2024-09-29T20:02:01+00:00] WARN: only_if block for templatesymlink[Create a gitlab_pages_secret and create a symlink to Rails root] returned a string, did you mean to run a command?
[2024-09-29T20:02:01+00:00] WARN: only_if block for templatesymlink[Create a gitlab_kas_secret and create a symlink to Rails root] returned a string, did you mean to run a command?
[2024-09-29T20:02:01+00:00] INFO: link[/opt/gitlab/service/logrotate] created
[2024-09-29T20:02:02+00:00] INFO: Retrying execution of execute[/opt/gitlab/bin/gitlab-ctl start logrotate], 19 attempts left
[2024-09-29T20:02:05+00:00] INFO: execute[/opt/gitlab/bin/gitlab-ctl start logrotate] ran successfully
[2024-09-29T20:02:05+00:00] WARN: redis does not have a log_group or default logdir mode defined. Setting to 0700.
[2024-09-29T20:02:05+00:00] INFO: link[/opt/gitlab/service/redis] created
[2024-09-29T20:02:06+00:00] INFO: Retrying execution of execute[/opt/gitlab/bin/gitlab-ctl start redis], 19 attempts left
[2024-09-29T20:02:09+00:00] INFO: Retrying execution of execute[/opt/gitlab/bin/gitlab-ctl start redis], 18 attempts left
[2024-09-29T20:02:11+00:00] INFO: execute[/opt/gitlab/bin/gitlab-ctl start redis] ran successfully
[2024-09-29T20:02:11+00:00] INFO: link[/opt/gitlab/service/gitaly] created
[2024-09-29T20:02:12+00:00] INFO: Retrying execution of execute[/opt/gitlab/bin/gitlab-ctl start gitaly], 19 attempts left
[2024-09-29T20:02:15+00:00] INFO: Retrying execution of execute[/opt/gitlab/bin/gitlab-ctl start gitaly], 18 attempts left
[2024-09-29T20:02:18+00:00] INFO: execute[/opt/gitlab/bin/gitlab-ctl start gitaly] ran successfully
[2024-09-29T20:02:20+00:00] INFO: link[/opt/gitlab/service/postgresql] created
[2024-09-29T20:02:20+00:00] INFO: file[/opt/gitlab/service/postgresql/supervise/status] owner changed to 996
[2024-09-29T20:02:20+00:00] INFO: file[/opt/gitlab/service/postgresql/supervise/status] group changed to 996
[2024-09-29T20:02:20+00:00] INFO: file[/opt/gitlab/service/postgresql/supervise/status] updated atime and mtime to 2024-09-29 20:02:20 +0000
[2024-09-29T20:02:20+00:00] INFO: file[/opt/gitlab/service/postgresql/log/supervise/status] owner changed to 996
[2024-09-29T20:02:20+00:00] INFO: file[/opt/gitlab/service/postgresql/log/supervise/status] group changed to 996
[2024-09-29T20:02:20+00:00] INFO: file[/opt/gitlab/service/postgresql/log/supervise/status] updated atime and mtime to 2024-09-29 20:02:20 +0000
[2024-09-29T20:02:21+00:00] INFO: Retrying execution of execute[/opt/gitlab/bin/gitlab-ctl start postgresql], 19 attempts left
[2024-09-29T20:02:23+00:00] INFO: execute[/opt/gitlab/bin/gitlab-ctl start postgresql] ran successfully
[2024-09-29T20:02:24+00:00] INFO: link[/opt/gitlab/service/gitlab-kas] created
[2024-09-29T20:02:24+00:00] WARN: gitlab-rails does not have a log_group or default logdir mode defined. Setting to 0700.
